<?xml version="1.0" encoding="UTF-8"?>
<testng-results ignored="0" total="2" passed="2" failed="0" skipped="0">
  <reporter-output>
  </reporter-output>
  <suite started-at="2021-01-03T12:31:31 IST" name="Default suite" finished-at="2021-01-03T12:32:02 IST" duration-ms="31146">
    <groups>
    </groups>
    <test started-at="2021-01-03T12:31:31 IST" name="Default test" finished-at="2021-01-03T12:32:02 IST" duration-ms="31146">
      <class name="com.crm.Testcases.LoginPageTest">
        <test-method is-config="true" signature="in()[pri:0, instance:com.crm.Testcases.LoginPageTest@c03cf28]" started-at="2021-01-03T12:31:31 IST" name="in" finished-at="2021-01-03T12:31:42 IST" duration-ms="10666" status="PASS">
          <reporter-output>
          </reporter-output>
        </test-method> <!-- in -->
        <test-method signature="Titletest()[pri:1, instance:com.crm.Testcases.LoginPageTest@c03cf28]" started-at="2021-01-03T12:31:42 IST" name="Titletest" finished-at="2021-01-03T12:31:47 IST" duration-ms="5014" status="PASS">
          <reporter-output>
          </reporter-output>
        </test-method> <!-- Titletest -->
        <test-method is-config="true" signature="out()[pri:0, instance:com.crm.Testcases.LoginPageTest@c03cf28]" started-at="2021-01-03T12:31:47 IST" name="out" finished-at="2021-01-03T12:31:48 IST" duration-ms="670" status="PASS">
          <reporter-output>
          </reporter-output>
        </test-method> <!-- out -->
        <test-method is-config="true" signature="in()[pri:0, instance:com.crm.Testcases.LoginPageTest@c03cf28]" started-at="2021-01-03T12:31:48 IST" name="in" finished-at="2021-01-03T12:31:56 IST" duration-ms="8787" status="PASS">
          <reporter-output>
          </reporter-output>
        </test-method> <!-- in -->
        <test-method signature="LoginPage()[pri:2, instance:com.crm.Testcases.LoginPageTest@c03cf28]" started-at="2021-01-03T12:31:56 IST" name="LoginPage" finished-at="2021-01-03T12:32:02 IST" duration-ms="5291" status="PASS">
          <reporter-output>
          </reporter-output>
        </test-method> <!-- LoginPage -->
        <test-method is-config="true" signature="out()[pri:0, instance:com.crm.Testcases.LoginPageTest@c03cf28]" started-at="2021-01-03T12:32:02 IST" name="out" finished-at="2021-01-03T12:32:02 IST" duration-ms="678" status="PASS">
          <reporter-output>
          </reporter-output>
        </test-method> <!-- out -->
      </class> <!-- com.crm.Testcases.LoginPageTest -->
    </test> <!-- Default test -->
  </suite> <!-- Default suite -->
</testng-results>
